#
# There is insufficient memory for the Java Runtime Environment to continue.
# Native memory allocation (malloc) failed to allocate 1872656 bytes for Chunk::new
# Possible reasons:
#   The system is out of physical RAM or swap space
#   The process is running with CompressedOops enabled, and the Java Heap may be blocking the growth of the native heap
# Possible solutions:
#   Reduce memory load on the system
#   Increase physical memory or swap space
#   Check if swap backing store is full
#   Decrease Java heap size (-Xmx/-Xms)
#   Decrease number of Java threads
#   Decrease Java thread stack sizes (-Xss)
#   Set larger code cache with -XX:ReservedCodeCacheSize=
#   JVM is running with Unscaled Compressed Oops mode in which the Java heap is
#     placed in the first 4GB address space. The Java Heap base address is the
#     maximum limit for the native heap growth. Please use -XX:HeapBaseMinAddress
#     to set the Java Heap base and to place the Java Heap above 4GB virtual address.
# This output file may be truncated or incomplete.
#
#  Out of Memory Error (arena.cpp:189), pid=19220, tid=14728
#
# JRE version: Java(TM) SE Runtime Environment (17.0.3.1+2) (build 17.0.3.1+2-LTS-6)
# Java VM: Java HotSpot(TM) 64-Bit Server VM (17.0.3.1+2-LTS-6, mixed mode, sharing, tiered, compressed oops, compressed class ptrs, g1 gc, windows-amd64)
# No core dump will be written. Minidumps are not enabled by default on client versions of Windows
#

---------------  S U M M A R Y ------------

Command Line: -XX:MaxMetaspaceSize=512m --add-opens=java.base/java.util=ALL-UNNAMED --add-opens=java.base/java.lang=ALL-UNNAMED --add-opens=java.base/java.lang.invoke=ALL-UNNAMED --add-opens=java.base/java.util=ALL-UNNAMED --add-opens=java.prefs/java.util.prefs=ALL-UNNAMED --add-opens=java.prefs/java.util.prefs=ALL-UNNAMED --add-opens=java.base/java.nio.charset=ALL-UNNAMED --add-opens=java.base/java.net=ALL-UNNAMED --add-opens=java.base/java.util.concurrent.atomic=ALL-UNNAMED -Xmx2048m -Dfile.encoding=utf8 -Duser.country=US -Duser.language=en -Duser.variant org.gradle.launcher.daemon.bootstrap.GradleDaemon 7.3.3

Host: Intel(R) Core(TM) i5-1035G1 CPU @ 1.00GHz, 8 cores, 7G,  Windows 11 , 64 bit Build 22000 (10.0.22000.708)
Time: Mon Aug  8 23:17:30 2022 Altai Standard Time elapsed time: 62.147753 seconds (0d 0h 1m 2s)

---------------  T H R E A D  ---------------

Current thread (0x000001af7c0797d0):  JavaThread "C2 CompilerThread0" daemon [_thread_in_native, id=14728, stack(0x0000005038e00000,0x0000005038f00000)]


Current CompileTask:
C2:  62148 7071 %     4       org.objectweb.asm.ClassReader::readCode @ 92 (5109 bytes)

Stack: [0x0000005038e00000,0x0000005038f00000]
Native frames: (J=compiled Java code, j=interpreted, Vv=VM code, C=native code)
V  [jvm.dll+0x6711ba]
V  [jvm.dll+0x7d0834]
V  [jvm.dll+0x7d1fde]
V  [jvm.dll+0x7d2643]
V  [jvm.dll+0x242c85]
V  [jvm.dll+0xaa57b]
V  [jvm.dll+0xaab0c]
V  [jvm.dll+0x2a99df]
V  [jvm.dll+0x579889]
V  [jvm.dll+0x21defd]
V  [jvm.dll+0x21e2df]
V  [jvm.dll+0x217bb5]
V  [jvm.dll+0x21507b]
V  [jvm.dll+0x1a1c3d]
V  [jvm.dll+0x2249c8]
V  [jvm.dll+0x222b2c]
V  [jvm.dll+0x78650b]
V  [jvm.dll+0x780aca]
V  [jvm.dll+0x670045]
C  [ucrtbase.dll+0x26c0c]
C  [KERNEL32.DLL+0x154e0]
C  [ntdll.dll+0x485b]


---------------  P R O C E S S  ---------------

Threads class SMR info:
_java_thread_list=0x000001af04c5ce00, length=43, elements={
0x000001af5dec3e50, 0x000001af7c058300, 0x000001af7c05acc0, 0x000001af7c070810,
0x000001af7c0711c0, 0x000001af7c074b90, 0x000001af7c075540, 0x000001af7c0797d0,
0x000001af7c082280, 0x000001af7c094350, 0x000001af7ccd12e0, 0x000001af7ccd25d0,
0x000001af7e13bdf0, 0x000001af7f43fae0, 0x000001af7e0fcbf0, 0x000001af00168fe0,
0x000001af7e62c590, 0x000001af7e840e50, 0x000001af7e841730, 0x000001af7df93890,
0x000001af7df93d60, 0x000001af7df933c0, 0x000001af7df95570, 0x000001af7df94bd0,
0x000001af7df94230, 0x000001af7df92080, 0x000001af7df950a0, 0x000001af7df92a20,
0x000001af7df94700, 0x000001af7df92ef0, 0x000001af00f011a0, 0x000001af00efc970,
0x000001af00efce40, 0x000001af00efeb20, 0x000001af00efeff0, 0x000001af00ef9e20,
0x000001af00f00330, 0x000001af00eff990, 0x000001af00effe60, 0x000001af00f01670,
0x000001af00f00cd0, 0x000001af00efa7c0, 0x000001af7ce3afc0
}

Java Threads: ( => current thread )
  0x000001af5dec3e50 JavaThread "main" [_thread_blocked, id=16268, stack(0x0000005038100000,0x0000005038200000)]
  0x000001af7c058300 JavaThread "Reference Handler" daemon [_thread_blocked, id=14420, stack(0x0000005038800000,0x0000005038900000)]
  0x000001af7c05acc0 JavaThread "Finalizer" daemon [_thread_blocked, id=7200, stack(0x0000005038900000,0x0000005038a00000)]
  0x000001af7c070810 JavaThread "Signal Dispatcher" daemon [_thread_blocked, id=3784, stack(0x0000005038a00000,0x0000005038b00000)]
  0x000001af7c0711c0 JavaThread "Attach Listener" daemon [_thread_blocked, id=6672, stack(0x0000005038b00000,0x0000005038c00000)]
  0x000001af7c074b90 JavaThread "Service Thread" daemon [_thread_blocked, id=8556, stack(0x0000005038c00000,0x0000005038d00000)]
  0x000001af7c075540 JavaThread "Monitor Deflation Thread" daemon [_thread_blocked, id=2816, stack(0x0000005038d00000,0x0000005038e00000)]
=>0x000001af7c0797d0 JavaThread "C2 CompilerThread0" daemon [_thread_in_native, id=14728, stack(0x0000005038e00000,0x0000005038f00000)]
  0x000001af7c082280 JavaThread "C1 CompilerThread0" daemon [_thread_blocked, id=16044, stack(0x0000005038f00000,0x0000005039000000)]
  0x000001af7c094350 JavaThread "Sweeper thread" daemon [_thread_blocked, id=6796, stack(0x0000005039000000,0x0000005039100000)]
  0x000001af7ccd12e0 JavaThread "Common-Cleaner" daemon [_thread_blocked, id=19344, stack(0x0000005039100000,0x0000005039200000)]
  0x000001af7ccd25d0 JavaThread "Notification Thread" daemon [_thread_blocked, id=19404, stack(0x0000005039200000,0x0000005039300000)]
  0x000001af7e13bdf0 JavaThread "Daemon health stats" [_thread_blocked, id=9808, stack(0x0000005039900000,0x0000005039a00000)]
  0x000001af7f43fae0 JavaThread "Incoming local TCP Connector on port 49487" [_thread_in_native, id=12312, stack(0x0000005039400000,0x0000005039500000)]
  0x000001af7e0fcbf0 JavaThread "Daemon periodic checks" [_thread_blocked, id=10576, stack(0x0000005039a00000,0x0000005039b00000)]
  0x000001af00168fe0 JavaThread "Daemon" [_thread_blocked, id=15812, stack(0x0000005039c00000,0x0000005039d00000)]
  0x000001af7e62c590 JavaThread "Handler for socket connection from /127.0.0.1:49487 to /127.0.0.1:49488" [_thread_in_native, id=19372, stack(0x0000005039d00000,0x0000005039e00000)]
  0x000001af7e840e50 JavaThread "Cancel handler" [_thread_blocked, id=11352, stack(0x0000005039b00000,0x0000005039c00000)]
  0x000001af7e841730 JavaThread "Daemon worker" [_thread_in_Java, id=18304, stack(0x0000005039e00000,0x0000005039f00000)]
  0x000001af7df93890 JavaThread "Asynchronous log dispatcher for DefaultDaemonConnection: socket connection from /127.0.0.1:49487 to /127.0.0.1:49488" [_thread_blocked, id=16288, stack(0x0000005039f00000,0x000000503a000000)]
  0x000001af7df93d60 JavaThread "Stdin handler" [_thread_blocked, id=13104, stack(0x000000503a000000,0x000000503a100000)]
  0x000001af7df933c0 JavaThread "Daemon client event forwarder" [_thread_blocked, id=17464, stack(0x000000503a100000,0x000000503a200000)]
  0x000001af7df95570 JavaThread "Cache worker for journal cache (C:\Users\Admin\.gradle\caches\journal-1)" [_thread_blocked, id=11340, stack(0x000000503a200000,0x000000503a300000)]
  0x000001af7df94bd0 JavaThread "File lock request listener" [_thread_in_native, id=9956, stack(0x000000503a300000,0x000000503a400000)]
  0x000001af7df94230 JavaThread "Cache worker for file hash cache (C:\Users\Admin\.gradle\caches\7.3.3\fileHashes)" [_thread_blocked, id=14764, stack(0x000000503a400000,0x000000503a500000)]
  0x000001af7df92080 JavaThread "Cache worker for file hash cache (C:\Users\Admin\HieuReactNative\android\.gradle\7.3.3\fileHashes)" [_thread_blocked, id=17532, stack(0x000000503a600000,0x000000503a700000)]
  0x000001af7df950a0 JavaThread "File watcher server" daemon [_thread_in_native, id=2832, stack(0x000000503aa00000,0x000000503ab00000)]
  0x000001af7df92a20 JavaThread "File watcher consumer" daemon [_thread_blocked, id=3584, stack(0x000000503ab00000,0x000000503ac00000)]
  0x000001af7df94700 JavaThread "jar transforms" [_thread_blocked, id=18892, stack(0x000000503ac00000,0x000000503ad00000)]
  0x000001af7df92ef0 JavaThread "jar transforms Thread 2" [_thread_blocked, id=13756, stack(0x000000503ad00000,0x000000503ae00000)]
  0x000001af00f011a0 JavaThread "Cache worker for checksums cache (C:\Users\Admin\HieuReactNative\android\.gradle\7.3.3\checksums)" [_thread_blocked, id=18972, stack(0x000000503a900000,0x000000503aa00000)]
  0x000001af00efc970 JavaThread "Cache worker for cache directory md-supplier (C:\Users\Admin\.gradle\caches\7.3.3\md-supplier)" [_thread_blocked, id=10328, stack(0x000000503af00000,0x000000503b000000)]
  0x000001af00efce40 JavaThread "Cache worker for cache directory md-rule (C:\Users\Admin\.gradle\caches\7.3.3\md-rule)" [_thread_blocked, id=14744, stack(0x000000503b000000,0x000000503b100000)]
  0x000001af00efeb20 JavaThread "Cache worker for execution history cache (C:\Users\Admin\.gradle\caches\7.3.3\executionHistory)" [_thread_blocked, id=16368, stack(0x000000503b100000,0x000000503b200000)]
  0x000001af00efeff0 JavaThread "jar transforms Thread 3" [_thread_blocked, id=3368, stack(0x000000503b300000,0x000000503b400000)]
  0x000001af00ef9e20 JavaThread "Cache worker for file content cache (C:\Users\Admin\.gradle\caches\7.3.3\fileContent)" [_thread_blocked, id=15796, stack(0x000000503b400000,0x000000503b500000)]
  0x000001af00f00330 JavaThread "jar transforms Thread 4" [_thread_blocked, id=8516, stack(0x000000503b500000,0x000000503b600000)]
  0x000001af00eff990 JavaThread "jar transforms Thread 5" [_thread_blocked, id=15600, stack(0x000000503b600000,0x000000503b700000)]
  0x000001af00effe60 JavaThread "jar transforms Thread 6" [_thread_blocked, id=15560, stack(0x000000503b700000,0x000000503b800000)]
  0x000001af00f01670 JavaThread "jar transforms Thread 7" [_thread_blocked, id=11260, stack(0x000000503b800000,0x000000503b900000)]
  0x000001af00f00cd0 JavaThread "jar transforms Thread 8" [_thread_blocked, id=5180, stack(0x000000503b900000,0x000000503ba00000)]
  0x000001af00efa7c0 JavaThread "Cache worker for kotlin-dsl (C:\Users\Admin\.gradle\caches\7.3.3\kotlin-dsl)" [_thread_blocked, id=15076, stack(0x000000503bc00000,0x000000503bd00000)]
  0x000001af7ce3afc0 JavaThread "C2 CompilerThread1" daemon [_thread_in_native, id=9580, stack(0x000000503bb00000,0x000000503bc00000)]

Other Threads:
  0x000001af7c054a60 VMThread "VM Thread" [stack: 0x0000005038700000,0x0000005038800000] [id=8052]
  0x000001af7ccd72c0 WatcherThread [stack: 0x0000005039300000,0x0000005039400000] [id=5480]
  0x000001af5df212f0 GCTaskThread "GC Thread#0" [stack: 0x0000005038200000,0x0000005038300000] [id=6440]
  0x000001af7d6963c0 GCTaskThread "GC Thread#1" [stack: 0x0000005039500000,0x0000005039600000] [id=13760]
  0x000001af7d086600 GCTaskThread "GC Thread#2" [stack: 0x0000005039600000,0x0000005039700000] [id=8748]
  0x000001af7da8b5a0 GCTaskThread "GC Thread#3" [stack: 0x0000005039700000,0x0000005039800000] [id=10896]
  0x000001af7d7d7880 GCTaskThread "GC Thread#4" [stack: 0x0000005039800000,0x0000005039900000] [id=10760]
  0x000001af0019d5d0 GCTaskThread "GC Thread#5" [stack: 0x000000503a500000,0x000000503a600000] [id=19072]
  0x000001af0019d070 GCTaskThread "GC Thread#6" [stack: 0x000000503a700000,0x000000503a800000] [id=8780]
  0x000001af0019e340 GCTaskThread "GC Thread#7" [stack: 0x000000503a800000,0x000000503a900000] [id=10956]
  0x000001af5df32130 ConcurrentGCThread "G1 Main Marker" [stack: 0x0000005038300000,0x0000005038400000] [id=1740]
  0x000001af5df331e0 ConcurrentGCThread "G1 Conc#0" [stack: 0x0000005038400000,0x0000005038500000] [id=16736]
  0x000001af0019e5f0 ConcurrentGCThread "G1 Conc#1" [stack: 0x000000503ae00000,0x000000503af00000] [id=17876]
  0x000001af7bf100a0 ConcurrentGCThread "G1 Refine#0" [stack: 0x0000005038500000,0x0000005038600000] [id=14680]
  0x000001af7bf109c0 ConcurrentGCThread "G1 Service" [stack: 0x0000005038600000,0x0000005038700000] [id=9972]

Threads with active compile tasks:
C2 CompilerThread0    62277 7071 %     4       org.objectweb.asm.ClassReader::readCode @ 92 (5109 bytes)
C2 CompilerThread1    62277 7070       4       org.objectweb.asm.ClassReader::readMethod (1061 bytes)

VM state: not at safepoint (normal execution)

VM Mutex/Monitor currently owned by a thread: None

Heap address: 0x0000000080000000, size: 2048 MB, Compressed Oops mode: 32-bit

CDS archive(s) mapped at: [0x0000000800000000-0x0000000800bc0000-0x0000000800bc0000), size 12320768, SharedBaseAddress: 0x0000000800000000, ArchiveRelocationMode: 0.
Compressed class space mapped at: 0x0000000800c00000-0x000000081a800000, reserved size: 432013312
Narrow klass base: 0x0000000800000000, Narrow klass shift: 0, Narrow klass range: 0x100000000

GC Precious Log:
 CPUs: 8 total, 8 available
 Memory: 7959M
 Large Page Support: Disabled
 NUMA Support: Disabled
 Compressed Oops: Enabled (32-bit)
 Heap Region Size: 1M
 Heap Min Capacity: 8M
 Heap Initial Capacity: 126M
 Heap Max Capacity: 2G
 Pre-touch: Disabled
 Parallel Workers: 8
 Concurrent Workers: 2
 Concurrent Refinement Workers: 8
 Periodic GC: Disabled

Heap:
 garbage-first heap   total 172032K, used 101566K [0x0000000080000000, 0x0000000100000000)
  region size 1024K, 57 young (58368K), 6 survivors (6144K)
 Metaspace       used 41584K, committed 42112K, reserved 462848K
  class space    used 5616K, committed 5888K, reserved 421888K

Heap Regions: E=young(eden), S=young(survivor), O=old, HS=humongous(starts), HC=humongous(continues), CS=collection set, F=free, OA=open archive, CA=closed archive, TAMS=top-at-mark-start (previous, next)
|   0|0x0000000080000000, 0x0000000080100000, 0x0000000080100000|100%| O|  |TAMS 0x0000000080100000, 0x0000000080000000| Untracked 
|   1|0x0000000080100000, 0x0000000080200000, 0x0000000080200000|100%| O|  |TAMS 0x0000000080200000, 0x0000000080100000| Untracked 
|   2|0x0000000080200000, 0x0000000080300000, 0x0000000080300000|100%| O|  |TAMS 0x0000000080300000, 0x0000000080200000| Untracked 
|   3|0x0000000080300000, 0x0000000080400000, 0x0000000080400000|100%|HS|  |TAMS 0x0000000080400000, 0x0000000080300000| Complete 
|   4|0x0000000080400000, 0x0000000080500000, 0x0000000080500000|100%|HC|  |TAMS 0x0000000080500000, 0x0000000080400000| Complete 
|   5|0x0000000080500000, 0x0000000080600000, 0x0000000080600000|100%|HC|  |TAMS 0x0000000080600000, 0x0000000080500000| Complete 
|   6|0x0000000080600000, 0x0000000080700000, 0x0000000080700000|100%| O|  |TAMS 0x0000000080700000, 0x0000000080600000| Untracked 
|   7|0x0000000080700000, 0x0000000080800000, 0x0000000080800000|100%| O|  |TAMS 0x0000000080800000, 0x0000000080700000| Untracked 
|   8|0x0000000080800000, 0x0000000080900000, 0x0000000080900000|100%| O|  |TAMS 0x0000000080900000, 0x0000000080800000| Untracked 
|   9|0x0000000080900000, 0x0000000080a00000, 0x0000000080a00000|100%| O|  |TAMS 0x0000000080a00000, 0x0000000080900000| Untracked 
|  10|0x0000000080a00000, 0x0000000080b00000, 0x0000000080b00000|100%| O|  |TAMS 0x0000000080b00000, 0x0000000080a00000| Untracked 
|  11|0x0000000080b00000, 0x0000000080c00000, 0x0000000080c00000|100%| O|  |TAMS 0x0000000080c00000, 0x0000000080b00000| Untracked 
|  12|0x0000000080c00000, 0x0000000080d00000, 0x0000000080d00000|100%| O|  |TAMS 0x0000000080d00000, 0x0000000080c00000| Untracked 
|  13|0x0000000080d00000, 0x0000000080e00000, 0x0000000080e00000|100%| O|  |TAMS 0x0000000080e00000, 0x0000000080d00000| Untracked 
|  14|0x0000000080e00000, 0x0000000080f00000, 0x0000000080f00000|100%| O|  |TAMS 0x0000000080f00000, 0x0000000080e00000| Untracked 
|  15|0x0000000080f00000, 0x0000000081000000, 0x0000000081000000|100%| O|  |TAMS 0x0000000081000000, 0x0000000080f00000| Untracked 
|  16|0x0000000081000000, 0x0000000081100000, 0x0000000081100000|100%| O|  |TAMS 0x0000000081100000, 0x0000000081000000| Untracked 
|  17|0x0000000081100000, 0x0000000081200000, 0x0000000081200000|100%| O|  |TAMS 0x0000000081200000, 0x0000000081100000| Untracked 
|  18|0x0000000081200000, 0x00000000812d0200, 0x0000000081300000| 81%| O|  |TAMS 0x00000000812d0200, 0x0000000081200000| Untracked 
|  19|0x0000000081300000, 0x0000000081400000, 0x0000000081400000|100%| O|  |TAMS 0x0000000081400000, 0x0000000081300000| Untracked 
|  20|0x0000000081400000, 0x0000000081500000, 0x0000000081500000|100%| O|  |TAMS 0x0000000081500000, 0x0000000081400000| Untracked 
|  21|0x0000000081500000, 0x0000000081600000, 0x0000000081600000|100%| O|  |TAMS 0x0000000081600000, 0x0000000081500000| Untracked 
|  22|0x0000000081600000, 0x0000000081700000, 0x0000000081700000|100%| O|  |TAMS 0x0000000081700000, 0x0000000081600000| Untracked 
|  23|0x0000000081700000, 0x0000000081800000, 0x0000000081800000|100%| O|  |TAMS 0x00000000817dee00, 0x0000000081700000| Untracked 
|  24|0x0000000081800000, 0x0000000081900000, 0x0000000081900000|100%| O|  |TAMS 0x0000000081800000, 0x0000000081800000| Untracked 
|  25|0x0000000081900000, 0x0000000081a00000, 0x0000000081a00000|100%| O|  |TAMS 0x0000000081900000, 0x0000000081900000| Untracked 
|  26|0x0000000081a00000, 0x0000000081b00000, 0x0000000081b00000|100%| O|  |TAMS 0x0000000081a00000, 0x0000000081a00000| Untracked 
|  27|0x0000000081b00000, 0x0000000081c00000, 0x0000000081c00000|100%| O|  |TAMS 0x0000000081b00000, 0x0000000081b00000| Untracked 
|  28|0x0000000081c00000, 0x0000000081d00000, 0x0000000081d00000|100%| O|  |TAMS 0x0000000081c00000, 0x0000000081c00000| Untracked 
|  29|0x0000000081d00000, 0x0000000081e00000, 0x0000000081e00000|100%| O|  |TAMS 0x0000000081d00000, 0x0000000081d00000| Untracked 
|  30|0x0000000081e00000, 0x0000000081f00000, 0x0000000081f00000|100%| O|  |TAMS 0x0000000081e00000, 0x0000000081e00000| Untracked 
|  31|0x0000000081f00000, 0x0000000082000000, 0x0000000082000000|100%| O|  |TAMS 0x0000000081f00000, 0x0000000081f00000| Untracked 
|  32|0x0000000082000000, 0x0000000082100000, 0x0000000082100000|100%| O|  |TAMS 0x0000000082000000, 0x0000000082000000| Untracked 
|  33|0x0000000082100000, 0x0000000082200000, 0x0000000082200000|100%| O|  |TAMS 0x0000000082100000, 0x0000000082100000| Untracked 
|  34|0x0000000082200000, 0x0000000082300000, 0x0000000082300000|100%| O|  |TAMS 0x0000000082200000, 0x0000000082200000| Untracked 
|  35|0x0000000082300000, 0x0000000082400000, 0x0000000082400000|100%| O|  |TAMS 0x0000000082300000, 0x0000000082300000| Untracked 
|  36|0x0000000082400000, 0x0000000082500000, 0x0000000082500000|100%| O|  |TAMS 0x0000000082400000, 0x0000000082400000| Untracked 
|  37|0x0000000082500000, 0x0000000082600000, 0x0000000082600000|100%| O|  |TAMS 0x0000000082500000, 0x0000000082500000| Untracked 
|  38|0x0000000082600000, 0x0000000082700000, 0x0000000082700000|100%| O|  |TAMS 0x0000000082600000, 0x0000000082600000| Untracked 
|  39|0x0000000082700000, 0x0000000082800000, 0x0000000082800000|100%| O|  |TAMS 0x0000000082700000, 0x0000000082700000| Untracked 
|  40|0x0000000082800000, 0x0000000082900000, 0x0000000082900000|100%| O|  |TAMS 0x0000000082800000, 0x0000000082800000| Untracked 
|  41|0x0000000082900000, 0x0000000082a00000, 0x0000000082a00000|100%| O|  |TAMS 0x0000000082900000, 0x0000000082900000| Untracked 
|  42|0x0000000082a00000, 0x0000000082b00000, 0x0000000082b00000|100%| O|  |TAMS 0x0000000082a00000, 0x0000000082a00000| Untracked 
|  43|0x0000000082b00000, 0x0000000082b95400, 0x0000000082c00000| 58%| O|  |TAMS 0x0000000082b00000, 0x0000000082b00000| Untracked 
|  44|0x0000000082c00000, 0x0000000082c00000, 0x0000000082d00000|  0%| F|  |TAMS 0x0000000082c00000, 0x0000000082c00000| Untracked 
|  45|0x0000000082d00000, 0x0000000082d00000, 0x0000000082e00000|  0%| F|  |TAMS 0x0000000082d00000, 0x0000000082d00000| Untracked 
|  46|0x0000000082e00000, 0x0000000082e00000, 0x0000000082f00000|  0%| F|  |TAMS 0x0000000082e00000, 0x0000000082e00000| Untracked 
|  47|0x0000000082f00000, 0x0000000082f00000, 0x0000000083000000|  0%| F|  |TAMS 0x0000000082f00000, 0x0000000082f00000| Untracked 
|  48|0x0000000083000000, 0x0000000083000000, 0x0000000083100000|  0%| F|  |TAMS 0x0000000083000000, 0x0000000083000000| Untracked 
|  49|0x0000000083100000, 0x0000000083100000, 0x0000000083200000|  0%| F|  |TAMS 0x0000000083100000, 0x0000000083100000| Untracked 
|  50|0x0000000083200000, 0x0000000083200000, 0x0000000083300000|  0%| F|  |TAMS 0x0000000083200000, 0x0000000083200000| Untracked 
|  51|0x0000000083300000, 0x0000000083300000, 0x0000000083400000|  0%| F|  |TAMS 0x0000000083300000, 0x0000000083300000| Untracked 
|  52|0x0000000083400000, 0x0000000083400000, 0x0000000083500000|  0%| F|  |TAMS 0x0000000083400000, 0x0000000083400000| Untracked 
|  53|0x0000000083500000, 0x0000000083500000, 0x0000000083600000|  0%| F|  |TAMS 0x0000000083500000, 0x0000000083500000| Untracked 
|  54|0x0000000083600000, 0x0000000083600000, 0x0000000083700000|  0%| F|  |TAMS 0x0000000083600000, 0x0000000083600000| Untracked 
|  55|0x0000000083700000, 0x0000000083700000, 0x0000000083800000|  0%| F|  |TAMS 0x0000000083700000, 0x0000000083700000| Untracked 
|  56|0x0000000083800000, 0x0000000083800000, 0x0000000083900000|  0%| F|  |TAMS 0x0000000083800000, 0x0000000083800000| Untracked 
|  57|0x0000000083900000, 0x0000000083900000, 0x0000000083a00000|  0%| F|  |TAMS 0x0000000083900000, 0x0000000083900000| Untracked 
|  58|0x0000000083a00000, 0x0000000083a00000, 0x0000000083b00000|  0%| F|  |TAMS 0x0000000083a00000, 0x0000000083a00000| Untracked 
|  59|0x0000000083b00000, 0x0000000083b00000, 0x0000000083c00000|  0%| F|  |TAMS 0x0000000083b00000, 0x0000000083b00000| Untracked 
|  60|0x0000000083c00000, 0x0000000083c00000, 0x0000000083d00000|  0%| F|  |TAMS 0x0000000083c00000, 0x0000000083c00000| Untracked 
|  61|0x0000000083d00000, 0x0000000083d00000, 0x0000000083e00000|  0%| F|  |TAMS 0x0000000083d00000, 0x0000000083d00000| Untracked 
|  62|0x0000000083e00000, 0x0000000083e00000, 0x0000000083f00000|  0%| F|  |TAMS 0x0000000083e00000, 0x0000000083e00000| Untracked 
|  63|0x0000000083f00000, 0x0000000083f00000, 0x0000000084000000|  0%| F|  |TAMS 0x0000000083f00000, 0x0000000083f00000| Untracked 
|  64|0x0000000084000000, 0x0000000084000000, 0x0000000084100000|  0%| F|  |TAMS 0x0000000084000000, 0x0000000084000000| Untracked 
|  65|0x0000000084100000, 0x0000000084100000, 0x0000000084200000|  0%| F|  |TAMS 0x0000000084100000, 0x0000000084100000| Untracked 
|  66|0x0000000084200000, 0x0000000084200000, 0x0000000084300000|  0%| F|  |TAMS 0x0000000084200000, 0x0000000084200000| Untracked 
|  67|0x0000000084300000, 0x0000000084300000, 0x0000000084400000|  0%| F|  |TAMS 0x0000000084300000, 0x0000000084300000| Untracked 
|  68|0x0000000084400000, 0x00000000844ca468, 0x0000000084500000| 79%| S|CS|TAMS 0x0000000084400000, 0x0000000084400000| Complete 
|  69|0x0000000084500000, 0x0000000084600000, 0x0000000084600000|100%| S|CS|TAMS 0x0000000084500000, 0x0000000084500000| Complete 
|  70|0x0000000084600000, 0x0000000084700000, 0x0000000084700000|100%| S|CS|TAMS 0x0000000084600000, 0x0000000084600000| Complete 
|  71|0x0000000084700000, 0x0000000084800000, 0x0000000084800000|100%| S|CS|TAMS 0x0000000084700000, 0x0000000084700000| Complete 
|  72|0x0000000084800000, 0x0000000084900000, 0x0000000084900000|100%| S|CS|TAMS 0x0000000084800000, 0x0000000084800000| Complete 
|  73|0x0000000084900000, 0x0000000084a00000, 0x0000000084a00000|100%| S|CS|TAMS 0x0000000084900000, 0x0000000084900000| Complete 
|  74|0x0000000084a00000, 0x0000000084a00000, 0x0000000084b00000|  0%| F|  |TAMS 0x0000000084a00000, 0x0000000084a00000| Untracked 
|  75|0x0000000084b00000, 0x0000000084b00000, 0x0000000084c00000|  0%| F|  |TAMS 0x0000000084b00000, 0x0000000084b00000| Untracked 
|  76|0x0000000084c00000, 0x0000000084c00000, 0x0000000084d00000|  0%| F|  |TAMS 0x0000000084c00000, 0x0000000084c00000| Untracked 
|  77|0x0000000084d00000, 0x0000000084d00000, 0x0000000084e00000|  0%| F|  |TAMS 0x0000000084d00000, 0x0000000084d00000| Untracked 
|  78|0x0000000084e00000, 0x0000000084e00000, 0x0000000084f00000|  0%| F|  |TAMS 0x0000000084e00000, 0x0000000084e00000| Untracked 
|  79|0x0000000084f00000, 0x0000000084f00000, 0x0000000085000000|  0%| F|  |TAMS 0x0000000084f00000, 0x0000000084f00000| Untracked 
|  80|0x0000000085000000, 0x0000000085000000, 0x0000000085100000|  0%| F|  |TAMS 0x0000000085000000, 0x0000000085000000| Untracked 
|  81|0x0000000085100000, 0x0000000085100000, 0x0000000085200000|  0%| F|  |TAMS 0x0000000085100000, 0x0000000085100000| Untracked 
|  82|0x0000000085200000, 0x0000000085200000, 0x0000000085300000|  0%| F|  |TAMS 0x0000000085200000, 0x0000000085200000| Untracked 
|  83|0x0000000085300000, 0x0000000085300000, 0x0000000085400000|  0%| F|  |TAMS 0x0000000085300000, 0x0000000085300000| Untracked 
|  84|0x0000000085400000, 0x0000000085400000, 0x0000000085500000|  0%| F|  |TAMS 0x0000000085400000, 0x0000000085400000| Untracked 
|  85|0x0000000085500000, 0x0000000085500000, 0x0000000085600000|  0%| F|  |TAMS 0x0000000085500000, 0x0000000085500000| Untracked 
|  86|0x0000000085600000, 0x0000000085600000, 0x0000000085700000|  0%| F|  |TAMS 0x0000000085600000, 0x0000000085600000| Untracked 
|  87|0x0000000085700000, 0x0000000085700000, 0x0000000085800000|  0%| F|  |TAMS 0x0000000085700000, 0x0000000085700000| Untracked 
|  88|0x0000000085800000, 0x0000000085800000, 0x0000000085900000|  0%| F|  |TAMS 0x0000000085800000, 0x0000000085800000| Untracked 
|  89|0x0000000085900000, 0x0000000085900000, 0x0000000085a00000|  0%| F|  |TAMS 0x0000000085900000, 0x0000000085900000| Untracked 
|  90|0x0000000085a00000, 0x0000000085a00000, 0x0000000085b00000|  0%| F|  |TAMS 0x0000000085a00000, 0x0000000085a00000| Untracked 
|  91|0x0000000085b00000, 0x0000000085b00000, 0x0000000085c00000|  0%| F|  |TAMS 0x0000000085b00000, 0x0000000085b00000| Untracked 
|  92|0x0000000085c00000, 0x0000000085c00000, 0x0000000085d00000|  0%| F|  |TAMS 0x0000000085c00000, 0x0000000085c00000| Untracked 
|  93|0x0000000085d00000, 0x0000000085d00000, 0x0000000085e00000|  0%| F|  |TAMS 0x0000000085d00000, 0x0000000085d00000| Untracked 
|  94|0x0000000085e00000, 0x0000000085e00000, 0x0000000085f00000|  0%| F|  |TAMS 0x0000000085e00000, 0x0000000085e00000| Untracked 
|  95|0x0000000085f00000, 0x0000000085f00000, 0x0000000086000000|  0%| F|  |TAMS 0x0000000085f00000, 0x0000000085f00000| Untracked 
|  96|0x0000000086000000, 0x0000000086000000, 0x0000000086100000|  0%| F|  |TAMS 0x0000000086000000, 0x0000000086000000| Untracked 
|  97|0x0000000086100000, 0x0000000086100000, 0x0000000086200000|  0%| F|  |TAMS 0x0000000086100000, 0x0000000086100000| Untracked 
|  98|0x0000000086200000, 0x0000000086200000, 0x0000000086300000|  0%| F|  |TAMS 0x0000000086200000, 0x0000000086200000| Untracked 
|  99|0x0000000086300000, 0x0000000086300000, 0x0000000086400000|  0%| F|  |TAMS 0x0000000086300000, 0x0000000086300000| Untracked 
| 100|0x0000000086400000, 0x0000000086400000, 0x0000000086500000|  0%| F|  |TAMS 0x0000000086400000, 0x0000000086400000| Untracked 
| 101|0x0000000086500000, 0x0000000086500000, 0x0000000086600000|  0%| F|  |TAMS 0x0000000086500000, 0x0000000086500000| Untracked 
| 102|0x0000000086600000, 0x0000000086600000, 0x0000000086700000|  0%| F|  |TAMS 0x0000000086600000, 0x0000000086600000| Untracked 
| 103|0x0000000086700000, 0x0000000086700000, 0x0000000086800000|  0%| F|  |TAMS 0x0000000086700000, 0x0000000086700000| Untracked 
| 104|0x0000000086800000, 0x0000000086800000, 0x0000000086900000|  0%| F|  |TAMS 0x0000000086800000, 0x0000000086800000| Untracked 
| 105|0x0000000086900000, 0x0000000086900000, 0x0000000086a00000|  0%| F|  |TAMS 0x0000000086900000, 0x0000000086900000| Untracked 
| 106|0x0000000086a00000, 0x0000000086a00000, 0x0000000086b00000|  0%| F|  |TAMS 0x0000000086a00000, 0x0000000086a00000| Untracked 
| 107|0x0000000086b00000, 0x0000000086b00000, 0x0000000086c00000|  0%| F|  |TAMS 0x0000000086b00000, 0x0000000086b00000| Untracked 
| 108|0x0000000086c00000, 0x0000000086c00000, 0x0000000086d00000|  0%| F|  |TAMS 0x0000000086c00000, 0x0000000086c00000| Untracked 
| 109|0x0000000086d00000, 0x0000000086d00000, 0x0000000086e00000|  0%| F|  |TAMS 0x0000000086d00000, 0x0000000086d00000| Untracked 
| 110|0x0000000086e00000, 0x0000000086e00000, 0x0000000086f00000|  0%| F|  |TAMS 0x0000000086e00000, 0x0000000086e00000| Untracked 
| 111|0x0000000086f00000, 0x0000000086f00000, 0x0000000087000000|  0%| F|  |TAMS 0x0000000086f00000, 0x0000000086f00000| Untracked 
| 112|0x0000000087000000, 0x0000000087000000, 0x0000000087100000|  0%| F|  |TAMS 0x0000000087000000, 0x0000000087000000| Untracked 
| 113|0x0000000087100000, 0x0000000087100000, 0x0000000087200000|  0%| F|  |TAMS 0x0000000087100000, 0x0000000087100000| Untracked 
| 114|0x0000000087200000, 0x0000000087200000, 0x0000000087300000|  0%| F|  |TAMS 0x0000000087200000, 0x0000000087200000| Untracked 
| 115|0x0000000087300000, 0x0000000087381110, 0x0000000087400000| 50%| E|  |TAMS 0x0000000087300000, 0x0000000087300000| Complete 
| 116|0x0000000087400000, 0x0000000087500000, 0x0000000087500000|100%| E|CS|TAMS 0x0000000087400000, 0x0000000087400000| Complete 
| 117|0x0000000087500000, 0x0000000087600000, 0x0000000087600000|100%| E|CS|TAMS 0x0000000087500000, 0x0000000087500000| Complete 
| 118|0x0000000087600000, 0x0000000087700000, 0x0000000087700000|100%| E|CS|TAMS 0x0000000087600000, 0x0000000087600000| Complete 
| 119|0x0000000087700000, 0x0000000087800000, 0x0000000087800000|100%| E|CS|TAMS 0x0000000087700000, 0x0000000087700000| Complete 
| 120|0x0000000087800000, 0x0000000087900000, 0x0000000087900000|100%| E|CS|TAMS 0x0000000087800000, 0x0000000087800000| Complete 
| 121|0x0000000087900000, 0x0000000087a00000, 0x0000000087a00000|100%| E|CS|TAMS 0x0000000087900000, 0x0000000087900000| Complete 
| 122|0x0000000087a00000, 0x0000000087b00000, 0x0000000087b00000|100%| E|CS|TAMS 0x0000000087a00000, 0x0000000087a00000| Complete 
| 123|0x0000000087b00000, 0x0000000087c00000, 0x0000000087c00000|100%| E|CS|TAMS 0x0000000087b00000, 0x0000000087b00000| Complete 
| 124|0x0000000087c00000, 0x0000000087d00000, 0x0000000087d00000|100%| E|CS|TAMS 0x0000000087c00000, 0x0000000087c00000| Complete 
| 125|0x0000000087d00000, 0x0000000087e00000, 0x0000000087e00000|100%| E|CS|TAMS 0x0000000087d00000, 0x0000000087d00000| Complete 
| 126|0x0000000087e00000, 0x0000000087f00000, 0x0000000087f00000|100%| E|CS|TAMS 0x0000000087e00000, 0x0000000087e00000| Complete 
| 127|0x0000000087f00000, 0x0000000088000000, 0x0000000088000000|100%| E|CS|TAMS 0x0000000087f00000, 0x0000000087f00000| Complete 
| 128|0x0000000088000000, 0x0000000088100000, 0x0000000088100000|100%| E|CS|TAMS 0x0000000088000000, 0x0000000088000000| Complete 
| 129|0x0000000088100000, 0x0000000088200000, 0x0000000088200000|100%| E|CS|TAMS 0x0000000088100000, 0x0000000088100000| Complete 
| 130|0x0000000088200000, 0x0000000088300000, 0x0000000088300000|100%| E|CS|TAMS 0x0000000088200000, 0x0000000088200000| Complete 
| 131|0x0000000088300000, 0x0000000088400000, 0x0000000088400000|100%| E|CS|TAMS 0x0000000088300000, 0x0000000088300000| Complete 
| 132|0x0000000088400000, 0x0000000088500000, 0x0000000088500000|100%| E|CS|TAMS 0x0000000088400000, 0x0000000088400000| Complete 
| 133|0x0000000088500000, 0x0000000088600000, 0x0000000088600000|100%| E|CS|TAMS 0x0000000088500000, 0x0000000088500000| Complete 
| 134|0x0000000088600000, 0x0000000088700000, 0x0000000088700000|100%| E|CS|TAMS 0x0000000088600000, 0x0000000088600000| Complete 
| 135|0x0000000088700000, 0x0000000088800000, 0x0000000088800000|100%| E|CS|TAMS 0x0000000088700000, 0x0000000088700000| Complete 
| 136|0x0000000088800000, 0x0000000088900000, 0x0000000088900000|100%| E|CS|TAMS 0x0000000088800000, 0x0000000088800000| Complete 
| 137|0x0000000088900000, 0x0000000088a00000, 0x0000000088a00000|100%| E|CS|TAMS 0x0000000088900000, 0x0000000088900000| Complete 
| 138|0x0000000088a00000, 0x0000000088b00000, 0x0000000088b00000|100%| E|CS|TAMS 0x0000000088a00000, 0x0000000088a00000| Complete 
| 139|0x0000000088b00000, 0x0000000088c00000, 0x0000000088c00000|100%| E|CS|TAMS 0x0000000088b00000, 0x0000000088b00000| Complete 
| 140|0x0000000088c00000, 0x0000000088d00000, 0x0000000088d00000|100%| E|CS|TAMS 0x0000000088c00000, 0x0000000088c00000| Complete 
| 141|0x0000000088d00000, 0x0000000088e00000, 0x0000000088e00000|100%| E|CS|TAMS 0x0000000088d00000, 0x0000000088d00000| Complete 
| 142|0x0000000088e00000, 0x0000000088f00000, 0x0000000088f00000|100%| E|CS|TAMS 0x0000000088e00000, 0x0000000088e00000| Complete 
| 143|0x0000000088f00000, 0x0000000089000000, 0x0000000089000000|100%| E|CS|TAMS 0x0000000088f00000, 0x0000000088f00000| Complete 
| 144|0x0000000089000000, 0x0000000089100000, 0x0000000089100000|100%| E|CS|TAMS 0x0000000089000000, 0x0000000089000000| Complete 
| 145|0x0000000089100000, 0x0000000089200000, 0x0000000089200000|100%| E|CS|TAMS 0x0000000089100000, 0x0000000089100000| Complete 
| 146|0x0000000089200000, 0x0000000089300000, 0x0000000089300000|100%| E|CS|TAMS 0x0000000089200000, 0x0000000089200000| Complete 
| 147|0x0000000089300000, 0x0000000089400000, 0x0000000089400000|100%| E|CS|TAMS 0x0000000089300000, 0x0000000089300000| Complete 
| 148|0x0000000089400000, 0x0000000089500000, 0x0000000089500000|100%| E|CS|TAMS 0x0000000089400000, 0x0000000089400000| Complete 
| 149|0x0000000089500000, 0x0000000089600000, 0x0000000089600000|100%| E|CS|TAMS 0x0000000089500000, 0x0000000089500000| Complete 
| 150|0x0000000089600000, 0x0000000089700000, 0x0000000089700000|100%| E|CS|TAMS 0x0000000089600000, 0x0000000089600000| Complete 
| 151|0x0000000089700000, 0x0000000089800000, 0x0000000089800000|100%| E|CS|TAMS 0x0000000089700000, 0x0000000089700000| Complete 
| 152|0x0000000089800000, 0x0000000089900000, 0x0000000089900000|100%| E|CS|TAMS 0x0000000089800000, 0x0000000089800000| Complete 
| 153|0x0000000089900000, 0x0000000089a00000, 0x0000000089a00000|100%| E|CS|TAMS 0x0000000089900000, 0x0000000089900000| Complete 
| 154|0x0000000089a00000, 0x0000000089b00000, 0x0000000089b00000|100%| E|CS|TAMS 0x0000000089a00000, 0x0000000089a00000| Complete 
| 155|0x0000000089b00000, 0x0000000089c00000, 0x0000000089c00000|100%| E|CS|TAMS 0x0000000089b00000, 0x0000000089b00000| Complete 
| 156|0x0000000089c00000, 0x0000000089d00000, 0x0000000089d00000|100%| E|CS|TAMS 0x0000000089c00000, 0x0000000089c00000| Complete 
| 157|0x0000000089d00000, 0x0000000089e00000, 0x0000000089e00000|100%| E|CS|TAMS 0x0000000089d00000, 0x0000000089d00000| Complete 
| 158|0x0000000089e00000, 0x0000000089f00000, 0x0000000089f00000|100%| E|CS|TAMS 0x0000000089e00000, 0x0000000089e00000| Complete 
| 159|0x0000000089f00000, 0x000000008a000000, 0x000000008a000000|100%| E|CS|TAMS 0x0000000089f00000, 0x0000000089f00000| Complete 
| 160|0x000000008a000000, 0x000000008a100000, 0x000000008a100000|100%| E|CS|TAMS 0x000000008a000000, 0x000000008a000000| Complete 
| 161|0x000000008a100000, 0x000000008a200000, 0x000000008a200000|100%| E|CS|TAMS 0x000000008a100000, 0x000000008a100000| Complete 
| 162|0x000000008a200000, 0x000000008a300000, 0x000000008a300000|100%| E|CS|TAMS 0x000000008a200000, 0x000000008a200000| Complete 
| 163|0x000000008a300000, 0x000000008a400000, 0x000000008a400000|100%| E|CS|TAMS 0x000000008a300000, 0x000000008a300000| Complete 
| 164|0x000000008a400000, 0x000000008a500000, 0x000000008a500000|100%| E|CS|TAMS 0x000000008a400000, 0x000000008a400000| Complete 
| 165|0x000000008a500000, 0x000000008a600000, 0x000000008a600000|100%| E|CS|TAMS 0x000000008a500000, 0x000000008a500000| Complete 
| 166|0x000000008a600000, 0x000000008a700000, 0x000000008a700000|100%| E|CS|TAMS 0x000000008a600000, 0x000000008a600000| Complete 
| 167|0x000000008a700000, 0x000000008a800000, 0x000000008a800000|100%| E|CS|TAMS 0x000000008a700000, 0x000000008a700000| Complete 

Card table byte_map: [0x000001af74e70000,0x000001af75270000] _byte_map_base: 0x000001af74a70000

Marking Bits (Prev, Next): (CMBitMap*) 0x000001af5df21800, (CMBitMap*) 0x000001af5df21840
 Prev Bits: [0x000001af75670000, 0x000001af77670000)
 Next Bits: [0x000001af77670000, 0x000001af79670000)

Polling page: 0x000001af5beb0000

Metaspace:

Usage:
  Non-class:     35.12 MB used.
      Class:      5.48 MB used.
       Both:     40.61 MB used.

Virtual space:
  Non-class space:       40.00 MB reserved,      35.38 MB ( 88%) committed,  5 nodes.
      Class space:      412.00 MB reserved,       5.75 MB (  1%) committed,  1 nodes.
             Both:      452.00 MB reserved,      41.12 MB (  9%) committed. 

Chunk freelists:
   Non-Class:  482.00 KB
       Class:  2.14 MB
        Both:  2.61 MB

MaxMetaspaceSize: 512.00 MB
CompressedClassSpaceSize: 412.00 MB
Initial GC threshold: 21.00 MB
Current GC threshold: 58.75 MB
CDS: on
MetaspaceReclaimPolicy: balanced
 - commit_granule_bytes: 65536.
 - commit_granule_words: 8192.
 - virtual_space_node_default_size: 1048576.
 - enlarge_chunks_in_place: 1.
 - new_chunks_are_fully_committed: 0.
 - uncommit_free_chunks: 1.
 - use_allocation_guard: 0.
 - handle_deallocations: 1.


Internal statistics:

num_allocs_failed_limit: 6.
num_arena_births: 540.
num_arena_deaths: 0.
num_vsnodes_births: 6.
num_vsnodes_deaths: 0.
num_space_committed: 658.
num_space_uncommitted: 0.
num_chunks_returned_to_freelist: 6.
num_chunks_taken_from_freelist: 2084.
num_chunk_merges: 3.
num_chunk_splits: 1375.
num_chunks_enlarged: 922.
num_purges: 0.
num_inconsistent_stats: 0.

CodeHeap 'non-profiled nmethods': size=120000Kb used=4017Kb max_used=4458Kb free=115982Kb
 bounds [0x000001af6d210000, 0x000001af6d670000, 0x000001af74740000]
CodeHeap 'profiled nmethods': size=120000Kb used=10630Kb max_used=12491Kb free=109369Kb
 bounds [0x000001af65ce0000, 0x000001af66920000, 0x000001af6d210000]
CodeHeap 'non-nmethods': size=5760Kb used=2317Kb max_used=2440Kb free=3442Kb
 bounds [0x000001af65740000, 0x000001af659b0000, 0x000001af65ce0000]
 total_blobs=6370 nmethods=5555 adapters=727
 compilation: enabled
              stopped_count=0, restarted_count=0
 full_count=0

Compilation events (20 events):
Event: 60.544 Thread 0x000001af7c082280 7060       3       org.gradle.internal.serialize.DefaultSerializerRegistry$TaggedTypeSerializer::write (37 bytes)
Event: 60.545 Thread 0x000001af7c082280 nmethod 7060 0x000001af65dd8e10 code [0x000001af65dd8fe0, 0x000001af65dd9488]
Event: 60.546 Thread 0x000001af7c082280 7061       3       org.gradle.internal.serialize.DefaultSerializerRegistry$TaggedTypeSerializer::map (110 bytes)
Event: 60.549 Thread 0x000001af7c082280 nmethod 7061 0x000001af6674e190 code [0x000001af6674e4e0, 0x000001af6674fc28]
Event: 60.648 Thread 0x000001af7ce3afc0 nmethod 7048 0x000001af6d590010 code [0x000001af6d590720, 0x000001af6d5955a8]
Event: 60.649 Thread 0x000001af7ce3afc0 7055       4       org.objectweb.asm.ClassReader::accept (1404 bytes)
Event: 61.008 Thread 0x000001af7c082280 7066   !   3       jdk.proxy1.$Proxy0::onOutput (34 bytes)
Event: 61.009 Thread 0x000001af7c082280 nmethod 7066 0x000001af663e1e10 code [0x000001af663e1fe0, 0x000001af663e24f8]
Event: 61.041 Thread 0x000001af7c082280 7067       3       java.lang.invoke.Invokers$Holder::linkToTargetMethod (13 bytes)
Event: 61.042 Thread 0x000001af7c082280 nmethod 7067 0x000001af66228510 code [0x000001af662286c0, 0x000001af66228b18]
Event: 61.042 Thread 0x000001af7c082280 7068       3       java.lang.invoke.LambdaForm$DMH/0x0000000800e5c000::newInvokeSpecial (30 bytes)
Event: 61.044 Thread 0x000001af7c082280 nmethod 7068 0x000001af65d07f10 code [0x000001af65d08100, 0x000001af65d088c8]
Event: 61.427 Thread 0x000001af7c0797d0 nmethod 6990% 0x000001af6d5b2210 code [0x000001af6d5b2ce0, 0x000001af6d5c3240]
Event: 61.435 Thread 0x000001af7c0797d0 7071 %     4       org.objectweb.asm.ClassReader::readCode @ 92 (5109 bytes)
Event: 61.675 Thread 0x000001af7c082280 7072       3       jdk.internal.misc.Unsafe::getAndAddLong (27 bytes)
Event: 61.676 Thread 0x000001af7c082280 nmethod 7072 0x000001af65d79110 code [0x000001af65d792c0, 0x000001af65d79508]
Event: 61.676 Thread 0x000001af7c082280 7073       3       jdk.internal.misc.Unsafe::weakCompareAndSetLong (11 bytes)
Event: 61.677 Thread 0x000001af7c082280 nmethod 7073 0x000001af65d8eb10 code [0x000001af65d8eca0, 0x000001af65d8edd8]
Event: 61.945 Thread 0x000001af7ce3afc0 nmethod 7055 0x000001af6d4bbb10 code [0x000001af6d4bc220, 0x000001af6d4c6b58]
Event: 61.947 Thread 0x000001af7ce3afc0 7070       4       org.objectweb.asm.ClassReader::readMethod (1061 bytes)

GC Heap History (20 events):
Event: 53.225 GC heap before
{Heap before GC invocations=31 (full 0):
 garbage-first heap   total 143360K, used 135696K [0x0000000080000000, 0x0000000100000000)
  region size 1024K, 81 young (82944K), 3 survivors (3072K)
 Metaspace       used 41547K, committed 42112K, reserved 462848K
  class space    used 5615K, committed 5888K, reserved 421888K
}
Event: 53.231 GC heap after
{Heap after GC invocations=32 (full 0):
 garbage-first heap   total 143360K, used 46000K [0x0000000080000000, 0x0000000100000000)
  region size 1024K, 4 young (4096K), 4 survivors (4096K)
 Metaspace       used 41547K, committed 42112K, reserved 462848K
  class space    used 5615K, committed 5888K, reserved 421888K
}
Event: 54.185 GC heap before
{Heap before GC invocations=32 (full 0):
 garbage-first heap   total 143360K, used 123824K [0x0000000080000000, 0x0000000100000000)
  region size 1024K, 80 young (81920K), 4 survivors (4096K)
 Metaspace       used 41560K, committed 42112K, reserved 462848K
  class space    used 5615K, committed 5888K, reserved 421888K
}
Event: 54.192 GC heap after
{Heap after GC invocations=33 (full 0):
 garbage-first heap   total 143360K, used 46750K [0x0000000080000000, 0x0000000100000000)
  region size 1024K, 4 young (4096K), 4 survivors (4096K)
 Metaspace       used 41560K, committed 42112K, reserved 462848K
  class space    used 5615K, committed 5888K, reserved 421888K
}
Event: 54.769 GC heap before
{Heap before GC invocations=33 (full 0):
 garbage-first heap   total 143360K, used 123550K [0x0000000080000000, 0x0000000100000000)
  region size 1024K, 79 young (80896K), 4 survivors (4096K)
 Metaspace       used 41560K, committed 42112K, reserved 462848K
  class space    used 5615K, committed 5888K, reserved 421888K
}
Event: 54.777 GC heap after
{Heap after GC invocations=34 (full 0):
 garbage-first heap   total 143360K, used 46859K [0x0000000080000000, 0x0000000100000000)
  region size 1024K, 4 young (4096K), 4 survivors (4096K)
 Metaspace       used 41560K, committed 42112K, reserved 462848K
  class space    used 5615K, committed 5888K, reserved 421888K
}
Event: 55.417 GC heap before
{Heap before GC invocations=34 (full 0):
 garbage-first heap   total 143360K, used 123659K [0x0000000080000000, 0x0000000100000000)
  region size 1024K, 79 young (80896K), 4 survivors (4096K)
 Metaspace       used 41560K, committed 42112K, reserved 462848K
  class space    used 5615K, committed 5888K, reserved 421888K
}
Event: 55.424 GC heap after
{Heap after GC invocations=35 (full 0):
 garbage-first heap   total 143360K, used 47244K [0x0000000080000000, 0x0000000100000000)
  region size 1024K, 4 young (4096K), 4 survivors (4096K)
 Metaspace       used 41560K, committed 42112K, reserved 462848K
  class space    used 5615K, committed 5888K, reserved 421888K
}
Event: 56.085 GC heap before
{Heap before GC invocations=35 (full 0):
 garbage-first heap   total 143360K, used 124044K [0x0000000080000000, 0x0000000100000000)
  region size 1024K, 79 young (80896K), 4 survivors (4096K)
 Metaspace       used 41560K, committed 42112K, reserved 462848K
  class space    used 5615K, committed 5888K, reserved 421888K
}
Event: 56.093 GC heap after
{Heap after GC invocations=36 (full 0):
 garbage-first heap   total 143360K, used 47558K [0x0000000080000000, 0x0000000100000000)
  region size 1024K, 5 young (5120K), 5 survivors (5120K)
 Metaspace       used 41560K, committed 42112K, reserved 462848K
  class space    used 5615K, committed 5888K, reserved 421888K
}
Event: 56.664 GC heap before
{Heap before GC invocations=36 (full 0):
 garbage-first heap   total 143360K, used 122310K [0x0000000080000000, 0x0000000100000000)
  region size 1024K, 78 young (79872K), 5 survivors (5120K)
 Metaspace       used 41561K, committed 42112K, reserved 462848K
  class space    used 5615K, committed 5888K, reserved 421888K
}
Event: 56.675 GC heap after
{Heap after GC invocations=37 (full 0):
 garbage-first heap   total 143360K, used 48163K [0x0000000080000000, 0x0000000100000000)
  region size 1024K, 5 young (5120K), 5 survivors (5120K)
 Metaspace       used 41561K, committed 42112K, reserved 462848K
  class space    used 5615K, committed 5888K, reserved 421888K
}
Event: 57.461 GC heap before
{Heap before GC invocations=37 (full 0):
 garbage-first heap   total 143360K, used 122915K [0x0000000080000000, 0x0000000100000000)
  region size 1024K, 78 young (79872K), 5 survivors (5120K)
 Metaspace       used 41564K, committed 42112K, reserved 462848K
  class space    used 5615K, committed 5888K, reserved 421888K
}
Event: 57.470 GC heap after
{Heap after GC invocations=38 (full 0):
 garbage-first heap   total 172032K, used 48457K [0x0000000080000000, 0x0000000100000000)
  region size 1024K, 5 young (5120K), 5 survivors (5120K)
 Metaspace       used 41564K, committed 42112K, reserved 462848K
  class space    used 5615K, committed 5888K, reserved 421888K
}
Event: 59.170 GC heap before
{Heap before GC invocations=38 (full 0):
 garbage-first heap   total 172032K, used 145737K [0x0000000080000000, 0x0000000100000000)
  region size 1024K, 100 young (102400K), 5 survivors (5120K)
 Metaspace       used 41567K, committed 42112K, reserved 462848K
  class space    used 5615K, committed 5888K, reserved 421888K
}
Event: 59.181 GC heap after
{Heap after GC invocations=39 (full 0):
 garbage-first heap   total 172032K, used 49007K [0x0000000080000000, 0x0000000100000000)
  region size 1024K, 5 young (5120K), 5 survivors (5120K)
 Metaspace       used 41567K, committed 42112K, reserved 462848K
  class space    used 5615K, committed 5888K, reserved 421888K
}
Event: 60.204 GC heap before
{Heap before GC invocations=39 (full 0):
 garbage-first heap   total 172032K, used 146287K [0x0000000080000000, 0x0000000100000000)
  region size 1024K, 100 young (102400K), 5 survivors (5120K)
 Metaspace       used 41570K, committed 42112K, reserved 462848K
  class space    used 5616K, committed 5888K, reserved 421888K
}
Event: 60.211 GC heap after
{Heap after GC invocations=40 (full 0):
 garbage-first heap   total 172032K, used 49748K [0x0000000080000000, 0x0000000100000000)
  region size 1024K, 6 young (6144K), 6 survivors (6144K)
 Metaspace       used 41570K, committed 42112K, reserved 462848K
  class space    used 5616K, committed 5888K, reserved 421888K
}
Event: 61.523 GC heap before
{Heap before GC invocations=40 (full 0):
 garbage-first heap   total 172032K, used 146004K [0x0000000080000000, 0x0000000100000000)
  region size 1024K, 100 young (102400K), 6 survivors (6144K)
 Metaspace       used 41583K, committed 42112K, reserved 462848K
  class space    used 5616K, committed 5888K, reserved 421888K
}
Event: 61.533 GC heap after
{Heap after GC invocations=41 (full 0):
 garbage-first heap   total 172032K, used 50366K [0x0000000080000000, 0x0000000100000000)
  region size 1024K, 6 young (6144K), 6 survivors (6144K)
 Metaspace       used 41583K, committed 42112K, reserved 462848K
  class space    used 5616K, committed 5888K, reserved 421888K
}

Deoptimization events (20 events):
Event: 59.370 Thread 0x000001af7e841730 Uncommon trap: trap_request=0xffffff45 fr.pc=0x000001af6d500470 relative=0x00000000000003f0
Event: 59.370 Thread 0x000001af7e841730 Uncommon trap: reason=unstable_if action=reinterpret pc=0x000001af6d500470 method=org.objectweb.asm.AnnotationWriter.putAnnotations(Lorg/objectweb/asm/SymbolTable;Lorg/objectweb/asm/AnnotationWriter;Lorg/objectweb/asm/AnnotationWriter;Lorg/objectweb/asm/A
Event: 59.370 Thread 0x000001af7e841730 DEOPT PACKING pc=0x000001af6d500470 sp=0x0000005039ef73b0
Event: 59.371 Thread 0x000001af7e841730 DEOPT UNPACKING pc=0x000001af65795c23 sp=0x0000005039ef7380 mode 2
Event: 59.450 Thread 0x000001af7e841730 Uncommon trap: trap_request=0xffffff45 fr.pc=0x000001af6d507bd8 relative=0x0000000000000198
Event: 59.450 Thread 0x000001af7e841730 Uncommon trap: reason=unstable_if action=reinterpret pc=0x000001af6d507bd8 method=org.objectweb.asm.AnnotationWriter.computeAnnotationsSize(Lorg/objectweb/asm/AnnotationWriter;Lorg/objectweb/asm/AnnotationWriter;Lorg/objectweb/asm/AnnotationWriter;Lorg/ob
Event: 59.450 Thread 0x000001af7e841730 DEOPT PACKING pc=0x000001af6d507bd8 sp=0x0000005039ef73d0
Event: 59.450 Thread 0x000001af7e841730 DEOPT UNPACKING pc=0x000001af65795c23 sp=0x0000005039ef7358 mode 2
Event: 59.838 Thread 0x000001af7e841730 Uncommon trap: trap_request=0xffffffde fr.pc=0x000001af6d3de264 relative=0x0000000000004ae4
Event: 59.838 Thread 0x000001af7e841730 Uncommon trap: reason=class_check action=maybe_recompile pc=0x000001af6d3de264 method=org.objectweb.asm.MethodVisitor.visitAnnotation(Ljava/lang/String;Z)Lorg/objectweb/asm/AnnotationVisitor; @ 13 c2
Event: 59.838 Thread 0x000001af7e841730 DEOPT PACKING pc=0x000001af6d3de264 sp=0x0000005039ef72b0
Event: 59.838 Thread 0x000001af7e841730 DEOPT UNPACKING pc=0x000001af65795c23 sp=0x0000005039ef71e0 mode 2
Event: 59.838 Thread 0x000001af7e841730 Uncommon trap: trap_request=0xffffffde fr.pc=0x000001af6d3de264 relative=0x0000000000004ae4
Event: 59.838 Thread 0x000001af7e841730 Uncommon trap: reason=class_check action=maybe_recompile pc=0x000001af6d3de264 method=org.objectweb.asm.MethodVisitor.visitAnnotation(Ljava/lang/String;Z)Lorg/objectweb/asm/AnnotationVisitor; @ 13 c2
Event: 59.838 Thread 0x000001af7e841730 DEOPT PACKING pc=0x000001af6d3de264 sp=0x0000005039ef72b0
Event: 59.838 Thread 0x000001af7e841730 DEOPT UNPACKING pc=0x000001af65795c23 sp=0x0000005039ef71e0 mode 2
Event: 59.853 Thread 0x000001af7e841730 Uncommon trap: trap_request=0xffffff45 fr.pc=0x000001af6d3dd660 relative=0x0000000000003ee0
Event: 59.853 Thread 0x000001af7e841730 Uncommon trap: reason=unstable_if action=reinterpret pc=0x000001af6d3dd660 method=org.objectweb.asm.ClassReader.readMethod(Lorg/objectweb/asm/ClassVisitor;Lorg/objectweb/asm/Context;I)I @ 378 c2
Event: 59.853 Thread 0x000001af7e841730 DEOPT PACKING pc=0x000001af6d3dd660 sp=0x0000005039ef72b0
Event: 59.853 Thread 0x000001af7e841730 DEOPT UNPACKING pc=0x000001af65795c23 sp=0x0000005039ef7268 mode 2

Classes unloaded (0 events):
No events

Classes redefined (0 events):
No events

Internal exceptions (20 events):
Event: 37.848 Thread 0x000001af7e841730 Exception <a 'java/lang/ClassNotFoundException'{0x000000008647b458}: groovy/text/SimpleTemplateEngineCustomizer> (0x000000008647b458) 
thrown [t:\workspace\open\src\hotspot\share\classfile\systemDictionary.cpp, line 256]
Event: 37.862 Thread 0x000001af7e841730 Exception <a 'java/lang/ClassNotFoundException'{0x00000000864c0bc0}: groovy/lang/GroovyShellBeanInfo> (0x00000000864c0bc0) 
thrown [t:\workspace\open\src\hotspot\share\classfile\systemDictionary.cpp, line 256]
Event: 37.866 Thread 0x000001af7e841730 Exception <a 'java/lang/ClassNotFoundException'{0x00000000864e68e0}: groovy/lang/GroovyShellCustomizer> (0x00000000864e68e0) 
thrown [t:\workspace\open\src\hotspot\share\classfile\systemDictionary.cpp, line 256]
Event: 37.881 Thread 0x000001af7e841730 Exception <a 'java/lang/NoSuchMethodError'{0x000000008631c758}: 'java.lang.Object java.lang.invoke.DirectMethodHandle$Holder.invokeStatic(java.lang.Object, java.lang.Object, java.lang.Object, java.lang.Object, int)'> (0x000000008631c758) 
thrown [t:\workspace\open\src\hotspot\share\interpreter\linkResolver.cpp, line 766]
Event: 38.224 Thread 0x000001af7e841730 Exception <a 'java/lang/NoSuchMethodError'{0x0000000085a308c0}: 'java.lang.Object java.lang.invoke.DirectMethodHandle$Holder.invokeSpecial(java.lang.Object, java.lang.Object, java.lang.Object, java.lang.Object, java.lang.Object, java.lang.Object, java.lang.Object, java.lang.Object, java.lang.Object, java.lang.Object)'> (0x0000000085a308c0) 
thrown [t:\workspace\open\src\hotspot\share\interpreter\linkResolver.cpp, line 766]
Event: 38.228 Thread 0x000001af7e841730 Exception <a 'java/lang/NoSuchMethodError'{0x0000000085a39740}: 'java.lang.Object java.lang.invoke.Invokers$Holder.invoker(java.lang.Object, java.lang.Object, java.lang.Object, java.lang.Object, java.lang.Object, java.lang.Object, java.lang.Object, java.lang.Object, java.lang.Object)'> (0x0000000085a39740) 
thrown [t:\workspace\open\src\hotspot\share\interpreter\linkResolver.cpp, line 766]
Event: 38.284 Thread 0x000001af7e841730 Exception <a 'java/lang/NoSuchMethodError'{0x0000000085abc880}: 'java.lang.Object java.lang.invoke.Invokers$Holder.invoker(java.lang.Object, java.lang.Object, java.lang.Object, java.lang.Object)'> (0x0000000085abc880) 
thrown [t:\workspace\open\src\hotspot\share\interpreter\linkResolver.cpp, line 766]
Event: 38.346 Thread 0x000001af7e841730 Exception <a 'java/lang/NoSuchMethodError'{0x0000000085945000}: 'java.lang.Object java.lang.invoke.DelegatingMethodHandle$Holder.reinvoke_L(java.lang.Object, java.lang.Object, java.lang.Object, java.lang.Object, java.lang.Object, java.lang.Object, java.lang.Object, java.lang.Object, java.lang.Object, java.lang.Object, java.lang.Object, java.lang.Object, java.lang.Object, java.lang.Object, java.lang.Object, java.lang.Object, java.lang.Object, java.lang.Object, java.lang.Object, java.lang.Object, java.lang.O
Event: 38.349 Thread 0x000001af7e841730 Exception <a 'java/lang/NoSuchMethodError'{0x00000000859503e8}: 'java.lang.Object java.lang.invoke.Invokers$Holder.invoker(java.lang.Object, java.lang.Object, java.lang.Object, java.lang.Object, java.lang.Object, java.lang.Object, java.lang.Object, java.lang.Object, java.lang.Object, java.lang.Object, java.lang.Object, java.lang.Object, java.lang.Object, java.lang.Object, java.lang.Object, java.lang.Object, java.lang.Object, java.lang.Object, java.lang.Object, java.lang.Object, java.lang.Object)'> (0x00000
Event: 38.351 Thread 0x000001af7e841730 Exception <a 'java/lang/NoSuchMethodError'{0x0000000085957048}: 'java.lang.Object java.lang.invoke.DelegatingMethodHandle$Holder.delegate(java.lang.Object, java.lang.Object, java.lang.Object, java.lang.Object, java.lang.Object, java.lang.Object, java.lang.Object, java.lang.Object, java.lang.Object, java.lang.Object, java.lang.Object, java.lang.Object, java.lang.Object, java.lang.Object, java.lang.Object, java.lang.Object, java.lang.Object, java.lang.Object, java.lang.Object, java.lang.Object, java.lang.Obj
Event: 38.381 Thread 0x000001af7e841730 Exception <a 'java/lang/NoSuchMethodError'{0x00000000859e58b8}: 'java.lang.Object java.lang.invoke.DirectMethodHandle$Holder.invokeStatic(java.lang.Object, java.lang.Object, java.lang.Object, java.lang.Object, java.lang.Object, java.lang.Object, java.lang.Object, java.lang.Object, java.lang.Object, java.lang.Object, java.lang.Object, java.lang.Object, java.lang.Object, java.lang.Object, java.lang.Object, java.lang.Object, java.lang.Object)'> (0x00000000859e58b8) 
thrown [t:\workspace\open\src\hotspot\share
Event: 38.389 Thread 0x000001af7e841730 Exception <a 'java/lang/NoSuchMethodError'{0x000000008580d860}: 'java.lang.Object java.lang.invoke.DirectMethodHandle$Holder.invokeStatic(java.lang.Object, java.lang.Object, java.lang.Object, java.lang.Object, java.lang.Object, java.lang.Object, java.lang.Object, java.lang.Object, java.lang.Object, java.lang.Object, java.lang.Object, java.lang.Object, java.lang.Object, java.lang.Object, java.lang.Object, java.lang.Object, java.lang.Object, java.lang.Object)'> (0x000000008580d860) 
thrown [t:\workspace\open
Event: 38.397 Thread 0x000001af7e841730 Exception <a 'java/lang/NoSuchMethodError'{0x0000000085835ea8}: 'java.lang.Object java.lang.invoke.DirectMethodHandle$Holder.invokeStatic(java.lang.Object, java.lang.Object, java.lang.Object, java.lang.Object, java.lang.Object, java.lang.Object, java.lang.Object, java.lang.Object, java.lang.Object, java.lang.Object, java.lang.Object, java.lang.Object, java.lang.Object, java.lang.Object, java.lang.Object, java.lang.Object, java.lang.Object, java.lang.Object, java.lang.Object)'> (0x0000000085835ea8) 
thrown 
Event: 38.404 Thread 0x000001af7e841730 Exception <a 'java/lang/NoSuchMethodError'{0x000000008585f6e8}: 'java.lang.Object java.lang.invoke.DirectMethodHandle$Holder.invokeStatic(java.lang.Object, java.lang.Object, java.lang.Object, java.lang.Object, java.lang.Object, java.lang.Object, java.lang.Object, java.lang.Object, java.lang.Object, java.lang.Object, java.lang.Object, java.lang.Object, java.lang.Object, java.lang.Object, java.lang.Object, java.lang.Object, java.lang.Object, java.lang.Object, java.lang.Object, java.lang.Object)'> (0x00000000
Event: 38.413 Thread 0x000001af7e841730 Exception <a 'java/lang/NoSuchMethodError'{0x0000000085889b80}: 'java.lang.Object java.lang.invoke.DirectMethodHandle$Holder.invokeStatic(java.lang.Object, java.lang.Object, java.lang.Object, java.lang.Object, java.lang.Object, java.lang.Object, java.lang.Object, java.lang.Object, java.lang.Object, java.lang.Object, java.lang.Object, java.lang.Object, java.lang.Object, java.lang.Object, java.lang.Object, java.lang.Object, java.lang.Object, java.lang.Object, java.lang.Object, java.lang.Object, java.lang.Obj
Event: 38.420 Thread 0x000001af7e841730 Exception <a 'java/lang/NoSuchMethodError'{0x00000000858b4e88}: 'java.lang.Object java.lang.invoke.DirectMethodHandle$Holder.invokeStatic(java.lang.Object, java.lang.Object, java.lang.Object, java.lang.Object, java.lang.Object, java.lang.Object, java.lang.Object, java.lang.Object, java.lang.Object, java.lang.Object, java.lang.Object, java.lang.Object, java.lang.Object, java.lang.Object, java.lang.Object, java.lang.Object, java.lang.Object, java.lang.Object, java.lang.Object, java.lang.Object, java.lang.Obj
Event: 38.429 Thread 0x000001af7e841730 Exception <a 'java/lang/NoSuchMethodError'{0x00000000858e1c28}: 'java.lang.Object java.lang.invoke.DirectMethodHandle$Holder.invokeStatic(java.lang.Object, java.lang.Object, java.lang.Object, java.lang.Object, java.lang.Object, java.lang.Object, java.lang.Object, java.lang.Object, java.lang.Object, java.lang.Object, java.lang.Object, java.lang.Object, java.lang.Object, java.lang.Object, java.lang.Object, java.lang.Object, java.lang.Object, java.lang.Object, java.lang.Object, java.lang.Object, java.lang.Obj
Event: 38.439 Thread 0x000001af7e841730 Exception <a 'java/lang/NoSuchMethodError'{0x0000000085710720}: 'java.lang.Object java.lang.invoke.DirectMethodHandle$Holder.invokeStatic(java.lang.Object, java.lang.Object, java.lang.Object, java.lang.Object, java.lang.Object, java.lang.Object, java.lang.Object, java.lang.Object, java.lang.Object, java.lang.Object, java.lang.Object, java.lang.Object, java.lang.Object, java.lang.Object, java.lang.Object, java.lang.Object, java.lang.Object, java.lang.Object, java.lang.Object, java.lang.Object, java.lang.Obj
Event: 38.788 Thread 0x000001af7e841730 Exception <a 'sun/nio/fs/WindowsException'{0x0000000084dfd070}> (0x0000000084dfd070) 
thrown [t:\workspace\open\src\hotspot\share\prims\jni.cpp, line 516]
Event: 56.541 Thread 0x000001af7e841730 Implicit null exception at 0x000001af6d64ff4b to 0x000001af6d6502e1

VM Operations (20 events):
Event: 57.314 Executing VM operation: HandshakeAllThreads
Event: 57.315 Executing VM operation: HandshakeAllThreads done
Event: 57.446 Executing VM operation: HandshakeAllThreads
Event: 57.446 Executing VM operation: HandshakeAllThreads done
Event: 57.461 Executing VM operation: G1CollectForAllocation
Event: 57.471 Executing VM operation: G1CollectForAllocation done
Event: 57.560 Executing VM operation: HandshakeAllThreads
Event: 57.560 Executing VM operation: HandshakeAllThreads done
Event: 58.562 Executing VM operation: Cleanup
Event: 58.579 Executing VM operation: Cleanup done
Event: 59.170 Executing VM operation: G1CollectForAllocation
Event: 59.181 Executing VM operation: G1CollectForAllocation done
Event: 60.195 Executing VM operation: Cleanup
Event: 60.196 Executing VM operation: Cleanup done
Event: 60.203 Executing VM operation: G1CollectForAllocation
Event: 60.211 Executing VM operation: G1CollectForAllocation done
Event: 61.221 Executing VM operation: Cleanup
Event: 61.221 Executing VM operation: Cleanup done
Event: 61.523 Executing VM operation: G1CollectForAllocation
Event: 61.534 Executing VM operation: G1CollectForAllocation done

Events (20 events):
Event: 57.584 Thread 0x000001af7c094350 flushing nmethod 0x000001af668b6a10
Event: 57.584 Thread 0x000001af7c094350 flushing nmethod 0x000001af668bb790
Event: 57.584 Thread 0x000001af7c094350 flushing nmethod 0x000001af668bbc90
Event: 57.584 Thread 0x000001af7c094350 flushing nmethod 0x000001af668be710
Event: 57.584 Thread 0x000001af7c094350 flushing nmethod 0x000001af668bee10
Event: 57.584 Thread 0x000001af7c094350 flushing nmethod 0x000001af668c1210
Event: 57.584 Thread 0x000001af7c094350 flushing nmethod 0x000001af668c1990
Event: 57.584 Thread 0x000001af7c094350 flushing nmethod 0x000001af668cbf10
Event: 57.584 Thread 0x000001af7c094350 flushing nmethod 0x000001af668d2610
Event: 57.584 Thread 0x000001af7c094350 flushing nmethod 0x000001af668d6590
Event: 57.584 Thread 0x000001af7c094350 flushing nmethod 0x000001af668d7290
Event: 57.584 Thread 0x000001af7c094350 flushing nmethod 0x000001af668dbf90
Event: 57.584 Thread 0x000001af7c094350 flushing nmethod 0x000001af668e8b90
Event: 57.584 Thread 0x000001af7c094350 flushing nmethod 0x000001af668f0690
Event: 57.584 Thread 0x000001af7c094350 flushing nmethod 0x000001af668f1f90
Event: 57.584 Thread 0x000001af7c094350 flushing nmethod 0x000001af668f2e10
Event: 57.584 Thread 0x000001af7c094350 flushing nmethod 0x000001af668f5990
Event: 57.584 Thread 0x000001af7c094350 flushing nmethod 0x000001af66911c90
Event: 58.153 Thread 0x000001af7ce3c400 Thread exited: 0x000001af7ce3c400
Event: 58.268 Thread 0x000001af7ce3afc0 Thread added: 0x000001af7ce3afc0


Dynamic libraries:
0x00007ff6c7cd0000 - 0x00007ff6c7ce0000 	C:\Program Files\Java\jdk-17.0.3.1\bin\java.exe
0x00007ffcd77c0000 - 0x00007ffcd79c9000 	C:\WINDOWS\SYSTEM32\ntdll.dll
0x00007ffcd64e0000 - 0x00007ffcd659d000 	C:\WINDOWS\System32\KERNEL32.DLL
0x00007ffcd52a0000 - 0x00007ffcd5619000 	C:\WINDOWS\System32\KERNELBASE.dll
0x00007ffcd50e0000 - 0x00007ffcd51f1000 	C:\WINDOWS\System32\ucrtbase.dll
0x00007ffc9dc20000 - 0x00007ffc9dc38000 	C:\Program Files\Java\jdk-17.0.3.1\bin\jli.dll
0x00007ffc9cc90000 - 0x00007ffc9ccaa000 	C:\Program Files\Java\jdk-17.0.3.1\bin\VCRUNTIME140.dll
0x00007ffcd5e10000 - 0x00007ffcd5ebe000 	C:\WINDOWS\System32\ADVAPI32.dll
0x00007ffcd72a0000 - 0x00007ffcd7343000 	C:\WINDOWS\System32\msvcrt.dll
0x00007ffcd6a10000 - 0x00007ffcd6aae000 	C:\WINDOWS\System32\sechost.dll
0x00007ffcd7350000 - 0x00007ffcd7470000 	C:\WINDOWS\System32\RPCRT4.dll
0x00007ffcd5f20000 - 0x00007ffcd60cc000 	C:\WINDOWS\System32\USER32.dll
0x00007ffcd5620000 - 0x00007ffcd5646000 	C:\WINDOWS\System32\win32u.dll
0x00007ffcb1db0000 - 0x00007ffcb2055000 	C:\WINDOWS\WinSxS\amd64_microsoft.windows.common-controls_6595b64144ccf1df_6.0.22000.120_none_9d947278b86cc467\COMCTL32.dll
0x00007ffcd6bc0000 - 0x00007ffcd6be9000 	C:\WINDOWS\System32\GDI32.dll
0x00007ffcd4fc0000 - 0x00007ffcd50d2000 	C:\WINDOWS\System32\gdi32full.dll
0x00007ffcd5200000 - 0x00007ffcd529d000 	C:\WINDOWS\System32\msvcp_win.dll
0x00007ffccdd50000 - 0x00007ffccdd5a000 	C:\WINDOWS\SYSTEM32\VERSION.dll
0x00007ffcd6b70000 - 0x00007ffcd6ba1000 	C:\WINDOWS\System32\IMM32.DLL
0x00007ffcb4d40000 - 0x00007ffcb4d4c000 	C:\Program Files\Java\jdk-17.0.3.1\bin\vcruntime140_1.dll
0x00007ffc6eff0000 - 0x00007ffc6f07d000 	C:\Program Files\Java\jdk-17.0.3.1\bin\msvcp140.dll
0x00007ffc41150000 - 0x00007ffc41d10000 	C:\Program Files\Java\jdk-17.0.3.1\bin\server\jvm.dll
0x00007ffcd6ab0000 - 0x00007ffcd6ab8000 	C:\WINDOWS\System32\PSAPI.DLL
0x00007ffcce4b0000 - 0x00007ffcce4e3000 	C:\WINDOWS\SYSTEM32\WINMM.dll
0x00007ffcd0710000 - 0x00007ffcd0719000 	C:\WINDOWS\SYSTEM32\WSOCK32.dll
0x00007ffcd6350000 - 0x00007ffcd63bf000 	C:\WINDOWS\System32\WS2_32.dll
0x00007ffcd3d60000 - 0x00007ffcd3d78000 	C:\WINDOWS\SYSTEM32\kernel.appcore.dll
0x00007ffcb4170000 - 0x00007ffcb417a000 	C:\Program Files\Java\jdk-17.0.3.1\bin\jimage.dll
0x00007ffcd2790000 - 0x00007ffcd29b1000 	C:\WINDOWS\SYSTEM32\DBGHELP.DLL
0x00007ffcb4900000 - 0x00007ffcb4931000 	C:\WINDOWS\SYSTEM32\dbgcore.DLL
0x00007ffcd4ed0000 - 0x00007ffcd4f4f000 	C:\WINDOWS\System32\bcryptPrimitives.dll
0x00007ffc91f90000 - 0x00007ffc91fb5000 	C:\Program Files\Java\jdk-17.0.3.1\bin\java.dll
0x00007ffc6e9a0000 - 0x00007ffc6ea76000 	C:\Program Files\Java\jdk-17.0.3.1\bin\jsvml.dll
0x00007ffcd5650000 - 0x00007ffcd5e08000 	C:\WINDOWS\System32\SHELL32.dll
0x00007ffcd2dd0000 - 0x00007ffcd3637000 	C:\WINDOWS\SYSTEM32\windows.storage.dll
0x00007ffcd6db0000 - 0x00007ffcd7129000 	C:\WINDOWS\System32\combase.dll
0x00007ffcd2c60000 - 0x00007ffcd2dc6000 	C:\WINDOWS\SYSTEM32\wintypes.dll
0x00007ffcd6c70000 - 0x00007ffcd6d5a000 	C:\WINDOWS\System32\SHCORE.dll
0x00007ffcd5ec0000 - 0x00007ffcd5f1d000 	C:\WINDOWS\System32\shlwapi.dll
0x00007ffcd4bd0000 - 0x00007ffcd4bf1000 	C:\WINDOWS\SYSTEM32\profapi.dll
0x00007ffc9b6c0000 - 0x00007ffc9b6d9000 	C:\Program Files\Java\jdk-17.0.3.1\bin\net.dll
0x00007ffccdb80000 - 0x00007ffccdc8c000 	C:\WINDOWS\SYSTEM32\WINHTTP.dll
0x00007ffcd41f0000 - 0x00007ffcd4257000 	C:\WINDOWS\system32\mswsock.dll
0x00007ffc9b680000 - 0x00007ffc9b696000 	C:\Program Files\Java\jdk-17.0.3.1\bin\nio.dll
0x00007ffc9b660000 - 0x00007ffc9b678000 	C:\Program Files\Java\jdk-17.0.3.1\bin\zip.dll
0x00007ffcb30e0000 - 0x00007ffcb30f0000 	C:\Program Files\Java\jdk-17.0.3.1\bin\verify.dll
0x00007ffca0090000 - 0x00007ffca00b7000 	C:\Users\Admin\.gradle\native\e1d6ef7f7dcc3fd88c89a11ec53ec762bb8ba0a96d01ffa2cd45eb1d1d8dd5c5\windows-amd64\native-platform.dll
0x00007ffc6b840000 - 0x00007ffc6b984000 	C:\Users\Admin\.gradle\native\5664cfc778a61ccfe75a443a1ab52a65af34e5dc3c78e0209fed803814484fcb\windows-amd64\native-platform-file-events.dll
0x00007ffcb19e0000 - 0x00007ffcb19e9000 	C:\Program Files\Java\jdk-17.0.3.1\bin\management.dll
0x00007ffcac510000 - 0x00007ffcac51b000 	C:\Program Files\Java\jdk-17.0.3.1\bin\management_ext.dll
0x00007ffcd44f0000 - 0x00007ffcd4508000 	C:\WINDOWS\SYSTEM32\CRYPTSP.dll
0x00007ffcd3cc0000 - 0x00007ffcd3cf5000 	C:\WINDOWS\system32\rsaenh.dll
0x00007ffcd4290000 - 0x00007ffcd42b9000 	C:\WINDOWS\SYSTEM32\USERENV.dll
0x00007ffcd4680000 - 0x00007ffcd46a7000 	C:\WINDOWS\SYSTEM32\bcrypt.dll
0x00007ffcd43e0000 - 0x00007ffcd43ec000 	C:\WINDOWS\SYSTEM32\CRYPTBASE.dll
0x00007ffcd3890000 - 0x00007ffcd38bd000 	C:\WINDOWS\SYSTEM32\IPHLPAPI.DLL
0x00007ffcd6c60000 - 0x00007ffcd6c69000 	C:\WINDOWS\System32\NSI.dll
0x00007ffccdd60000 - 0x00007ffccdd79000 	C:\WINDOWS\SYSTEM32\dhcpcsvc6.DLL
0x00007ffccdf40000 - 0x00007ffccdf5e000 	C:\WINDOWS\SYSTEM32\dhcpcsvc.DLL
0x00007ffcd3900000 - 0x00007ffcd39e8000 	C:\WINDOWS\SYSTEM32\DNSAPI.dll
0x00007ffcaa3b0000 - 0x00007ffcaa3be000 	C:\Program Files\Java\jdk-17.0.3.1\bin\sunmscapi.dll
0x00007ffcd4d60000 - 0x00007ffcd4ec2000 	C:\WINDOWS\System32\CRYPT32.dll
0x00007ffcd4650000 - 0x00007ffcd4678000 	C:\WINDOWS\SYSTEM32\ncrypt.dll
0x00007ffcd4610000 - 0x00007ffcd4647000 	C:\WINDOWS\SYSTEM32\NTASN1.dll
0x00007ffc5d540000 - 0x00007ffc5d548000 	C:\WINDOWS\system32\wshunix.dll

dbghelp: loaded successfully - version: 4.0.5 - missing functions: none
symbol engine: initialized successfully - sym options: 0x614 - pdb path: .;C:\Program Files\Java\jdk-17.0.3.1\bin;C:\WINDOWS\SYSTEM32;C:\WINDOWS\WinSxS\amd64_microsoft.windows.common-controls_6595b64144ccf1df_6.0.22000.120_none_9d947278b86cc467;C:\Program Files\Java\jdk-17.0.3.1\bin\server;C:\Users\Admin\.gradle\native\e1d6ef7f7dcc3fd88c89a11ec53ec762bb8ba0a96d01ffa2cd45eb1d1d8dd5c5\windows-amd64;C:\Users\Admin\.gradle\native\5664cfc778a61ccfe75a443a1ab52a65af34e5dc3c78e0209fed803814484fcb\windows-amd64

VM Arguments:
jvm_args: -XX:MaxMetaspaceSize=512m --add-opens=java.base/java.util=ALL-UNNAMED --add-opens=java.base/java.lang=ALL-UNNAMED --add-opens=java.base/java.lang.invoke=ALL-UNNAMED --add-opens=java.base/java.util=ALL-UNNAMED --add-opens=java.prefs/java.util.prefs=ALL-UNNAMED --add-opens=java.prefs/java.util.prefs=ALL-UNNAMED --add-opens=java.base/java.nio.charset=ALL-UNNAMED --add-opens=java.base/java.net=ALL-UNNAMED --add-opens=java.base/java.util.concurrent.atomic=ALL-UNNAMED -Xmx2048m -Dfile.encoding=utf8 -Duser.country=US -Duser.language=en -Duser.variant 
java_command: org.gradle.launcher.daemon.bootstrap.GradleDaemon 7.3.3
java_class_path (initial): C:\Users\Admin\.gradle\wrapper\dists\gradle-7.3.3-all\4295vidhdd9hd3gbjyw1xqxpo\gradle-7.3.3\lib\gradle-launcher-7.3.3.jar
Launcher Type: SUN_STANDARD

[Global flags]
     intx CICompilerCount                          = 4                                         {product} {ergonomic}
   size_t CompressedClassSpaceSize                 = 432013312                                 {product} {ergonomic}
     uint ConcGCThreads                            = 2                                         {product} {ergonomic}
     uint G1ConcRefinementThreads                  = 8                                         {product} {ergonomic}
   size_t G1HeapRegionSize                         = 1048576                                   {product} {ergonomic}
    uintx GCDrainStackTargetSize                   = 64                                        {product} {ergonomic}
   size_t InitialHeapSize                          = 132120576                                 {product} {ergonomic}
   size_t MarkStackSize                            = 4194304                                   {product} {ergonomic}
   size_t MaxHeapSize                              = 2147483648                                {product} {command line}
   size_t MaxMetaspaceSize                         = 536870912                                 {product} {command line}
   size_t MaxNewSize                               = 1287651328                                {product} {ergonomic}
   size_t MinHeapDeltaBytes                        = 1048576                                   {product} {ergonomic}
   size_t MinHeapSize                              = 8388608                                   {product} {ergonomic}
    uintx NonNMethodCodeHeapSize                   = 5839372                                {pd product} {ergonomic}
    uintx NonProfiledCodeHeapSize                  = 122909434                              {pd product} {ergonomic}
    uintx ProfiledCodeHeapSize                     = 122909434                              {pd product} {ergonomic}
    uintx ReservedCodeCacheSize                    = 251658240                              {pd product} {ergonomic}
     bool SegmentedCodeCache                       = true                                      {product} {ergonomic}
   size_t SoftMaxHeapSize                          = 2147483648                             {manageable} {ergonomic}
     bool UseCompressedClassPointers               = true                           {product lp64_product} {ergonomic}
     bool UseCompressedOops                        = true                           {product lp64_product} {ergonomic}
     bool UseG1GC                                  = true                                      {product} {ergonomic}
     bool UseLargePagesIndividualAllocation        = false                                  {pd product} {ergonomic}

Logging:
Log output configuration:
 #0: stdout all=warning uptime,level,tags
 #1: stderr all=off uptime,level,tags

Environment Variables:
JAVA_HOME=C:\Program Files\Java\jdk-17.0.3.1
PATH=C:\Program Files\Common Files\Oracle\Java\javapath;C:\Windows\system32;C:\Windows;C:\Windows\System32\Wbem;C:\Windows\System32\WindowsPowerShell\v1.0\;C:\Windows\System32\OpenSSH\;C:\Program Files\NVIDIA Corporation\NVIDIA NvDLISR;C:\WINDOWS\system32;C:\WINDOWS;C:\WINDOWS\System32\Wbem;C:\WINDOWS\System32\WindowsPowerShell\v1.0\;C:\WINDOWS\System32\OpenSSH\;C:\Program Files\dotnet\;C:\Program Files\RedHat\java-17-openjdk-17.0.2.0.8-1.jre\bin;C:\Program Files\Android\flutter\bin;F:\Microsoft VS Code\bin;C:\Program Files\Git\cmd;C:\ProgramData\chocolatey\bin;C:\Program Files\OpenJDK\openjdk-11.0.16_8\bin;C:\Program Files\nodejs\;C:\Users\Admin\AppData\Local\Microsoft\WindowsApps;C:\Program Files\JetBrains\IntelliJ IDEA 2022.1\bin;;C:\Users\Admin\AppData\Local\Microsoft\Jdk_Flutter\flutter\bin;C:\Users\Admin\AppData\Local\Android\Sdk\emulator;C:\Users\Admin\AppData\Local\Android\sdk\platform-tools;C:\Users\Admin\AppData\Local\Programs\Microsoft VS Code\bin;C:\Users\Admin\AppData\Roaming\npm
USERNAME=Admin
OS=Windows_NT
PROCESSOR_IDENTIFIER=Intel64 Family 6 Model 126 Stepping 5, GenuineIntel



---------------  S Y S T E M  ---------------

OS:
 Windows 11 , 64 bit Build 22000 (10.0.22000.708)
OS uptime: 0 days 4:39 hours
Hyper-V role detected

CPU: total 8 (initial active 8) (4 cores per cpu, 2 threads per core) family 6 model 126 stepping 5 microcode 0xb0, cx8, cmov, fxsr, ht, mmx, 3dnowpref, sse, sse2, sse3, ssse3, sse4.1, sse4.2, popcnt, lzcnt, tsc, tscinvbit, avx, avx2, aes, erms, clmul, bmi1, bmi2, adx, avx512f, avx512dq, avx512cd, avx512bw, avx512vl, sha, fma, vzeroupper, avx512_vpopcntdq, avx512_vpclmulqdq, avx512_vaes, avx512_vnni, clflush, clflushopt, avx512_vbmi2, avx512_vbmi, hv

Memory: 4k page, system-wide physical 7959M (415M free)
TotalPageFile size 15447M (AvailPageFile size 7M)
current process WorkingSet (physical memory assigned to process): 378M, peak: 390M
current process commit charge ("private bytes"): 419M, peak: 435M

vm_info: Java HotSpot(TM) 64-Bit Server VM (17.0.3.1+2-LTS-6) for windows-amd64 JRE (17.0.3.1+2-LTS-6), built on Apr 25 2022 22:04:21 by "mach5one" with MS VC++ 16.8 / 16.9 (VS2019)

END.
